<?xml version="1.0" encoding="UTF-8"?>
<testsuite xmlns:xsi="http://www.w3.org/2001/XMLSchema-instance" xsi:noNamespaceSchemaLocation="https://maven.apache.org/surefire/maven-surefire-plugin/xsd/surefire-test-report.xsd" name="com.example.AppTest" time="0.018" tests="1" errors="0" skipped="0" failures="0">
  <properties>
    <property name="sun.desktop" value="gnome"/>
    <property name="awt.toolkit" value="sun.awt.X11.XToolkit"/>
    <property name="file.encoding.pkg" value="sun.io"/>
    <property name="java.specification.version" value="1.8"/>
    <property name="sun.cpu.isalist" value=""/>
    <property name="sun.jnu.encoding" value="UTF-8"/>
    <property name="java.class.path" value="/home/karthikhegde05/Documents/Devops/maven_retut/mvndemo/target/test-classes:/home/karthikhegde05/Documents/Devops/maven_retut/mvndemo/target/classes:/home/karthikhegde05/.m2/repository/junit/junit/4.11/junit-4.11.jar:/home/karthikhegde05/.m2/repository/org/hamcrest/hamcrest-core/1.3/hamcrest-core-1.3.jar:"/>
    <property name="java.vm.vendor" value="Oracle Corporation"/>
    <property name="sun.arch.data.model" value="64"/>
    <property name="java.vendor.url" value="http://java.oracle.com/"/>
    <property name="user.timezone" value=""/>
    <property name="java.vm.specification.version" value="1.8"/>
    <property name="os.name" value="Linux"/>
    <property name="user.country" value="GB"/>
    <property name="sun.java.launcher" value="SUN_STANDARD"/>
    <property name="sun.boot.library.path" value="/home/karthikhegde05/.sdkman/candidates/java/8.0.302-open/jre/lib/amd64"/>
    <property name="sun.java.command" value="/home/karthikhegde05/Documents/Devops/maven_retut/mvndemo/target/surefire/surefirebooter8641180892601342698.jar /home/karthikhegde05/Documents/Devops/maven_retut/mvndemo/target/surefire 2022-03-27T16-47-01_954-jvmRun1 surefire6085933402533815542tmp surefire_05584597291908783230tmp"/>
    <property name="surefire.test.class.path" value="/home/karthikhegde05/Documents/Devops/maven_retut/mvndemo/target/test-classes:/home/karthikhegde05/Documents/Devops/maven_retut/mvndemo/target/classes:/home/karthikhegde05/.m2/repository/junit/junit/4.11/junit-4.11.jar:/home/karthikhegde05/.m2/repository/org/hamcrest/hamcrest-core/1.3/hamcrest-core-1.3.jar:"/>
    <property name="sun.cpu.endian" value="little"/>
    <property name="user.home" value="/home/karthikhegde05"/>
    <property name="user.language" value="en"/>
    <property name="java.specification.vendor" value="Oracle Corporation"/>
    <property name="java.home" value="/home/karthikhegde05/.sdkman/candidates/java/8.0.302-open/jre"/>
    <property name="basedir" value="/home/karthikhegde05/Documents/Devops/maven_retut/mvndemo"/>
    <property name="file.separator" value="/"/>
    <property name="line.separator" value="&#10;"/>
    <property name="java.vm.specification.vendor" value="Oracle Corporation"/>
    <property name="java.specification.name" value="Java Platform API Specification"/>
    <property name="java.awt.graphicsenv" value="sun.awt.X11GraphicsEnvironment"/>
    <property name="surefire.real.class.path" value="/home/karthikhegde05/Documents/Devops/maven_retut/mvndemo/target/surefire/surefirebooter8641180892601342698.jar"/>
    <property name="sun.boot.class.path" value="/home/karthikhegde05/.sdkman/candidates/java/8.0.302-open/jre/lib/resources.jar:/home/karthikhegde05/.sdkman/candidates/java/8.0.302-open/jre/lib/rt.jar:/home/karthikhegde05/.sdkman/candidates/java/8.0.302-open/jre/lib/sunrsasign.jar:/home/karthikhegde05/.sdkman/candidates/java/8.0.302-open/jre/lib/jsse.jar:/home/karthikhegde05/.sdkman/candidates/java/8.0.302-open/jre/lib/jce.jar:/home/karthikhegde05/.sdkman/candidates/java/8.0.302-open/jre/lib/charsets.jar:/home/karthikhegde05/.sdkman/candidates/java/8.0.302-open/jre/lib/jfr.jar:/home/karthikhegde05/.sdkman/candidates/java/8.0.302-open/jre/classes"/>
    <property name="sun.management.compiler" value="HotSpot 64-Bit Tiered Compilers"/>
    <property name="java.runtime.version" value="1.8.0_302-b08"/>
    <property name="user.name" value="karthikhegde05"/>
    <property name="path.separator" value=":"/>
    <property name="os.version" value="5.4.0-104-generic"/>
    <property name="java.endorsed.dirs" value="/home/karthikhegde05/.sdkman/candidates/java/8.0.302-open/jre/lib/endorsed"/>
    <property name="java.runtime.name" value="OpenJDK Runtime Environment"/>
    <property name="file.encoding" value="UTF-8"/>
    <property name="java.vm.name" value="OpenJDK 64-Bit Server VM"/>
    <property name="localRepository" value="/home/karthikhegde05/.m2/repository"/>
    <property name="java.vendor.url.bug" value="http://bugreport.sun.com/bugreport/"/>
    <property name="java.io.tmpdir" value="/tmp"/>
    <property name="java.version" value="1.8.0_302"/>
    <property name="user.dir" value="/home/karthikhegde05/Documents/Devops/maven_retut/mvndemo"/>
    <property name="os.arch" value="amd64"/>
    <property name="java.vm.specification.name" value="Java Virtual Machine Specification"/>
    <property name="java.awt.printerjob" value="sun.print.PSPrinterJob"/>
    <property name="sun.os.patch.level" value="unknown"/>
    <property name="java.library.path" value="/usr/java/packages/lib/amd64:/usr/lib64:/lib64:/lib:/usr/lib"/>
    <property name="java.vm.info" value="mixed mode"/>
    <property name="java.vendor" value="Oracle Corporation"/>
    <property name="java.vm.version" value="25.302-b08"/>
    <property name="java.ext.dirs" value="/home/karthikhegde05/.sdkman/candidates/java/8.0.302-open/jre/lib/ext:/usr/java/packages/lib/ext"/>
    <property name="sun.io.unicode.encoding" value="UnicodeLittle"/>
    <property name="java.class.version" value="52.0"/>
  </properties>
  <testcase name="shouldAnswerWithTrue" classname="com.example.AppTest" time="0.001"/>
</testsuite>